<?xml version="1.0" encoding="UTF-8"?>
<!-- Generated by org.testng.reporters.JUnitReportReporter -->
<testsuite hostname="DESKTOP-5DS53NE" failures="0" tests="1" name="com.RegressionSuite.TC01_ValidateLoginFunction" time="1.358" errors="0" timestamp="2022-06-29T12:31:46 IST" skipped="0">
  <testcase classname="com.RegressionSuite.TC01_ValidateLoginFunction" name="loginValidation" time="1.358"/>
  <system-out/>
</testsuite> <!-- com.RegressionSuite.TC01_ValidateLoginFunction -->
