<?xml version="1.0" encoding="UTF-8"?>
<!-- Generated by org.testng.reporters.JUnitReportReporter -->
<testsuite hostname="DESKTOP-5DS53NE" failures="0" tests="1" name="com.RegressionSuite.TC02_Validate_SelectProduct" time="2.401" errors="0" timestamp="2022-06-29T12:31:46 IST" skipped="0">
  <testcase classname="com.RegressionSuite.TC02_Validate_SelectProduct" name="SelectProductValidation" time="2.401"/>
  <system-out/>
</testsuite> <!-- com.RegressionSuite.TC02_Validate_SelectProduct -->
